<?xml version="1.0" encoding="UTF-8"?>
<!-- Generated by org.testng.reporters.JUnitReportReporter -->
<testsuite hostname="LAPTOP-K2LM99RE" failures="0" tests="5" name="testing.testng" time="2.030" errors="0" timestamp="2023-03-15T14:42:04 IST" skipped="0">
  <testcase classname="testing.testng" name="testC" time="0.003"/>
  <system-out/>
  <testcase classname="testing.testng" name="testE" time="0.004"/>
  <system-out/>
  <testcase classname="testing.testng" name="testA" time="0.014"/>
  <system-out/>
  <testcase classname="testing.testng" name="testB" time="0.003"/>
  <system-out/>
  <testcase classname="testing.testng" name="testD" time="2.006"/>
  <system-out/>
</testsuite> <!-- testing.testng -->
